2025-08-11 01:20:45,865 - INFO - 📱 Freelance Mobile App initialized successfully
2025-08-11 01:20:45,866 - INFO - 🎯 New goal created: Earn $500 today
2025-08-11 01:20:45,867 - INFO - 🎯 New goal created: Earn $3,000 this week
2025-08-11 01:20:45,868 - INFO - 📋 New project added: Mobile Game Development
2025-08-11 01:20:45,871 - INFO - 📋 New project added: AI Code Analysis System
2025-08-11 01:20:55,768 - INFO - 📱 Freelance Mobile App initialized successfully
2025-08-11 01:20:55,771 - INFO - 📱 New notification: Payment Received
2025-08-11 01:20:55,779 - INFO - 🎯 New goal created: Earn $500 today
2025-08-11 01:20:55,782 - INFO - 🎯 New goal created: Earn $3,000 this week
2025-08-11 01:20:55,783 - INFO - 📋 New project added: Mobile Game Development
2025-08-11 01:20:55,785 - INFO - 📋 New project added: AI Code Analysis System
2025-08-11 01:22:08,144 - INFO - 📱 Freelance Mobile App initialized successfully
2025-08-11 01:22:08,150 - INFO - 🎯 New goal created: Earn $500 today
2025-08-11 01:22:08,152 - INFO - 🎯 New goal created: Earn $3,000 this week
2025-08-11 01:22:08,154 - INFO - 📋 New project added: Mobile Game Development
2025-08-11 01:22:08,155 - INFO - 📋 New project added: AI Code Analysis System
2025-08-11 01:22:24,258 - INFO - 📱 Freelance Mobile App initialized successfully
2025-08-11 01:22:24,263 - INFO - 🎯 New goal created: Earn $500 today
2025-08-11 01:22:24,264 - INFO - 🎯 New goal created: Earn $3,000 this week
2025-08-11 01:22:24,265 - INFO - 📋 New project added: Mobile Game Development
2025-08-11 01:22:24,265 - INFO - 📋 New project added: AI Code Analysis System
